<?xml version="1.0" encoding="UTF-8"?>
<!-- Generated by org.testng.reporters.JUnitXMLReporter -->
<testsuite ignored="0" hostname="mindc1d457" failures="0" tests="10" name="Default test" time="70.077" errors="0" timestamp="2022-05-23T00:20:05 IST">
  <testcase classname="com.runner.CartcheckTest" name="@AfterTest teardown" time="0.0">
    <failure type="java.lang.NullPointerException" message="Cannot invoke &amp;quot;org.openqa.selenium.WebDriver.close()&amp;quot; because &amp;quot;com.runner.CartcheckTest.driver&amp;quot; is null">
      <![CDATA[java.lang.NullPointerException: Cannot invoke "org.openqa.selenium.WebDriver.close()" because "com.runner.CartcheckTest.driver" is null
at com.runner.CartcheckTest.teardown(CartcheckTest.java:50)
at java.base/jdk.internal.reflect.NativeMethodAccessorImpl.invoke0(Native Method)
at java.base/jdk.internal.reflect.NativeMethodAccessorImpl.invoke(NativeMethodAccessorImpl.java:77)
at java.base/jdk.internal.reflect.DelegatingMethodAccessorImpl.invoke(DelegatingMethodAccessorImpl.java:43)
at java.base/java.lang.reflect.Method.invoke(Method.java:568)
at org.testng.internal.MethodInvocationHelper.invokeMethod(MethodInvocationHelper.java:133)
at org.testng.internal.MethodInvocationHelper.invokeMethodConsideringTimeout(MethodInvocationHelper.java:62)
at org.testng.internal.ConfigInvoker.invokeConfigurationMethod(ConfigInvoker.java:385)
at org.testng.internal.ConfigInvoker.invokeConfigurations(ConfigInvoker.java:321)
at org.testng.TestRunner.invokeTestConfigurations(TestRunner.java:637)
at org.testng.TestRunner.afterRun(TestRunner.java:877)
at org.testng.TestRunner.run(TestRunner.java:599)
at org.testng.SuiteRunner.runTest(SuiteRunner.java:377)
at org.testng.SuiteRunner.runSequentially(SuiteRunner.java:371)
at org.testng.SuiteRunner.privateRun(SuiteRunner.java:332)
at org.testng.SuiteRunner.run(SuiteRunner.java:276)
at org.testng.SuiteRunnerWorker.runSuite(SuiteRunnerWorker.java:53)
at org.testng.SuiteRunnerWorker.run(SuiteRunnerWorker.java:96)
at org.testng.TestNG.runSuitesSequentially(TestNG.java:1212)
at org.testng.TestNG.runSuitesLocally(TestNG.java:1134)
at org.testng.TestNG.runSuites(TestNG.java:1063)
at org.testng.TestNG.run(TestNG.java:1031)
at org.testng.remote.AbstractRemoteTestNG.run(AbstractRemoteTestNG.java:115)
at org.testng.remote.RemoteTestNG.initAndRun(RemoteTestNG.java:251)
at org.testng.remote.RemoteTestNG.main(RemoteTestNG.java:77)
]]>
    </failure>
  </testcase> <!-- @AfterTest teardown -->
  <testcase classname="com.runner.HelpPageTest" name="@AfterTest teardown" time="-1.653245405935E9">
    <skipped/>
  </testcase> <!-- @AfterTest teardown -->
  <testcase classname="com.runner.HomePage" name="@AfterTest teardown" time="-1.653245405936E9">
    <skipped/>
  </testcase> <!-- @AfterTest teardown -->
  <testcase classname="com.runner.LoginPageTest" name="@AfterTest teardown" time="-1.653245405939E9">
    <skipped/>
  </testcase> <!-- @AfterTest teardown -->
  <testcase classname="com.runner.OrderPageTest" name="@AfterTest teardown" time="-1.65324540594E9">
    <skipped/>
  </testcase> <!-- @AfterTest teardown -->
  <testcase classname="com.runner.SearchPageTest" name="@AfterTest teardown" time="-1.653245405941E9">
    <skipped/>
  </testcase> <!-- @AfterTest teardown -->
  <testcase classname="com.runner.SignUpPageTest" name="@AfterTest teardown" time="-1.653245405943E9">
    <skipped/>
  </testcase> <!-- @AfterTest teardown -->
  <testcase classname="com.runner.WishlistTest" name="@AfterTest teardown" time="-1.653245405943E9">
    <skipped/>
  </testcase> <!-- @AfterTest teardown -->
  <testcase classname="com.runner.indexPageTest" name="@AfterTest teardown" time="-1.653245405945E9">
    <skipped/>
  </testcase> <!-- @AfterTest teardown -->
  <testcase classname="com.runner.HomePage" name="HomePage" time="3.217"/>
  <testcase classname="com.runner.AboutPageTest" name="aboutpage" time="4.444"/>
  <testcase classname="com.runner.indexPageTest" name="indexpage" time="3.34"/>
  <testcase classname="com.runner.WishlistTest" name="wishlistpage" time="5.923"/>
  <testcase classname="com.runner.SearchPageTest" name="searchpage" time="7.459"/>
  <testcase classname="com.runner.SignUpPageTest" name="Signuppage" time="8.767"/>
  <testcase classname="com.runner.HelpPageTest" name="helpPage" time="5.879"/>
  <testcase classname="com.runner.LoginPageTest" name="loginpage" time="9.911"/>
  <testcase classname="com.runner.CartcheckTest" name="Cartpage" time="4.738"/>
  <testcase classname="com.runner.OrderPageTest" name="orderpage" time="15.864"/>
</testsuite> <!-- Default test -->
