<?xml version="1.0" encoding="UTF-8"?>
<testng-results ignored="0" total="2" passed="2" failed="0" skipped="0">
  <reporter-output>
  </reporter-output>
  <suite started-at="2022-05-23T13:44:23 IST" name="Default suite" finished-at="2022-05-23T13:44:42 IST" duration-ms="18917">
    <groups>
    </groups>
    <test started-at="2022-05-23T13:44:23 IST" name="Default test" finished-at="2022-05-23T13:44:42 IST" duration-ms="18917">
      <class name="com.runner.LoginPageTest">
        <test-method is-config="true" signature="loginpage()[pri:0, instance:com.runner.LoginPageTest@56cdfb3b]" started-at="2022-05-23T13:44:23 IST" name="loginpage" finished-at="2022-05-23T13:44:26 IST" duration-ms="2513" status="PASS">
          <reporter-output>
          </reporter-output>
        </test-method> <!-- loginpage -->
        <test-method signature="test1(java.lang.String,java.lang.String)[pri:0, instance:com.runner.LoginPageTest@56cdfb3b]" started-at="2022-05-23T13:44:26 IST" name="test1" data-provider="test1data" finished-at="2022-05-23T13:44:32 IST" duration-ms="5909" status="PASS">
          <params>
            <param index="0">
              <value>
                <![CDATA[Amitraj071201@gmail.com]]>
              </value>
            </param>
            <param index="1">
              <value>
                <![CDATA[Amit@1234]]>
              </value>
            </param>
          </params>
          <reporter-output>
          </reporter-output>
        </test-method> <!-- test1 -->
        <test-method signature="test1(java.lang.String,java.lang.String)[pri:0, instance:com.runner.LoginPageTest@56cdfb3b]" started-at="2022-05-23T13:44:32 IST" name="test1" data-provider="test1data" finished-at="2022-05-23T13:44:38 IST" duration-ms="5326" status="PASS">
          <params>
            <param index="0">
              <value>
                <![CDATA[rohitkumar071201@gmail.com]]>
              </value>
            </param>
            <param index="1">
              <value>
                <![CDATA[rohit@123]]>
              </value>
            </param>
          </params>
          <reporter-output>
          </reporter-output>
        </test-method> <!-- test1 -->
        <test-method is-config="true" signature="teardown()[pri:0, instance:com.runner.LoginPageTest@56cdfb3b]" started-at="2022-05-23T13:44:38 IST" name="teardown" finished-at="2022-05-23T13:44:42 IST" duration-ms="4387" status="PASS">
          <reporter-output>
          </reporter-output>
        </test-method> <!-- teardown -->
      </class> <!-- com.runner.LoginPageTest -->
    </test> <!-- Default test -->
  </suite> <!-- Default suite -->
</testng-results>
