<?xml version="1.0" encoding="UTF-8"?>
<testng-results ignored="0" total="7" passed="7" failed="0" skipped="0">
  <reporter-output>
  </reporter-output>
  <suite started-at="2022-05-18T13:16:51 IST" name="Suite" finished-at="2022-05-18T13:17:44 IST" duration-ms="53030">
    <groups>
    </groups>
    <test started-at="2022-05-18T13:16:51 IST" name="login page test" finished-at="2022-05-18T13:17:02 IST" duration-ms="10947">
      <class name="com.runner.LoginPageTest">
        <test-method is-config="true" signature="startTest()[pri:0, instance:com.runner.LoginPageTest@3f6db3fb]" started-at="2022-05-18T13:16:51 IST" name="startTest" finished-at="2022-05-18T13:16:51 IST" duration-ms="11" status="PASS">
          <reporter-output>
          </reporter-output>
        </test-method> <!-- startTest -->
        <test-method signature="basePageNavigation()[pri:0, instance:com.runner.LoginPageTest@3f6db3fb]" started-at="2022-05-18T13:16:51 IST" name="basePageNavigation" finished-at="2022-05-18T13:17:00 IST" duration-ms="8774" status="PASS">
          <reporter-output>
          </reporter-output>
        </test-method> <!-- basePageNavigation -->
        <test-method is-config="true" signature="teardown()[pri:0, instance:com.runner.LoginPageTest@3f6db3fb]" started-at="2022-05-18T13:17:00 IST" name="teardown" finished-at="2022-05-18T13:17:02 IST" duration-ms="2123" status="PASS">
          <reporter-output>
          </reporter-output>
        </test-method> <!-- teardown -->
      </class> <!-- com.runner.LoginPageTest -->
    </test> <!-- login page test -->
    <test started-at="2022-05-18T13:17:02 IST" name="cart page test" finished-at="2022-05-18T13:17:08 IST" duration-ms="5944">
      <class name="com.runner.CartcheckTest">
        <test-method is-config="true" signature="startTest()[pri:0, instance:com.runner.CartcheckTest@5c8504fd]" started-at="2022-05-18T13:17:02 IST" name="startTest" finished-at="2022-05-18T13:17:02 IST" duration-ms="10" status="PASS">
          <reporter-output>
          </reporter-output>
        </test-method> <!-- startTest -->
        <test-method signature="basePageNavigation()[pri:0, instance:com.runner.CartcheckTest@5c8504fd]" started-at="2022-05-18T13:17:02 IST" name="basePageNavigation" finished-at="2022-05-18T13:17:06 IST" duration-ms="3841" status="PASS">
          <reporter-output>
          </reporter-output>
        </test-method> <!-- basePageNavigation -->
        <test-method is-config="true" signature="teardown()[pri:0, instance:com.runner.CartcheckTest@5c8504fd]" started-at="2022-05-18T13:17:06 IST" name="teardown" finished-at="2022-05-18T13:17:08 IST" duration-ms="2080" status="PASS">
          <reporter-output>
          </reporter-output>
        </test-method> <!-- teardown -->
      </class> <!-- com.runner.CartcheckTest -->
    </test> <!-- cart page test -->
    <test started-at="2022-05-18T13:17:08 IST" name="search page test" finished-at="2022-05-18T13:17:15 IST" duration-ms="7251">
      <class name="com.runner.SearchPageTest">
        <test-method is-config="true" signature="startTest()[pri:0, instance:com.runner.SearchPageTest@3e14c16d]" started-at="2022-05-18T13:17:08 IST" name="startTest" finished-at="2022-05-18T13:17:08 IST" duration-ms="10" status="PASS">
          <reporter-output>
          </reporter-output>
        </test-method> <!-- startTest -->
        <test-method signature="basePageNavigation()[pri:0, instance:com.runner.SearchPageTest@3e14c16d]" started-at="2022-05-18T13:17:08 IST" name="basePageNavigation" finished-at="2022-05-18T13:17:13 IST" duration-ms="5052" status="PASS">
          <reporter-output>
          </reporter-output>
        </test-method> <!-- basePageNavigation -->
        <test-method is-config="true" signature="teardown()[pri:0, instance:com.runner.SearchPageTest@3e14c16d]" started-at="2022-05-18T13:17:13 IST" name="teardown" finished-at="2022-05-18T13:17:15 IST" duration-ms="2175" status="PASS">
          <reporter-output>
          </reporter-output>
        </test-method> <!-- teardown -->
      </class> <!-- com.runner.SearchPageTest -->
    </test> <!-- search page test -->
    <test started-at="2022-05-18T13:17:15 IST" name="order page test" finished-at="2022-05-18T13:17:26 IST" duration-ms="11100">
      <class name="com.runner.OrderPageTest">
        <test-method is-config="true" signature="startTest()[pri:0, instance:com.runner.OrderPageTest@793138bd]" started-at="2022-05-18T13:17:15 IST" name="startTest" finished-at="2022-05-18T13:17:15 IST" duration-ms="10" status="PASS">
          <reporter-output>
          </reporter-output>
        </test-method> <!-- startTest -->
        <test-method signature="basePageNavigation()[pri:0, instance:com.runner.OrderPageTest@793138bd]" started-at="2022-05-18T13:17:15 IST" name="basePageNavigation" finished-at="2022-05-18T13:17:26 IST" duration-ms="10848" status="PASS">
          <reporter-output>
          </reporter-output>
        </test-method> <!-- basePageNavigation -->
        <test-method is-config="true" signature="teardown()[pri:0, instance:com.runner.OrderPageTest@793138bd]" started-at="2022-05-18T13:17:26 IST" name="teardown" finished-at="2022-05-18T13:17:26 IST" duration-ms="221" status="PASS">
          <reporter-output>
          </reporter-output>
        </test-method> <!-- teardown -->
      </class> <!-- com.runner.OrderPageTest -->
    </test> <!-- order page test -->
    <test started-at="2022-05-18T13:17:26 IST" name="about page test" finished-at="2022-05-18T13:17:32 IST" duration-ms="6135">
      <class name="com.runner.AboutPageTest">
        <test-method is-config="true" signature="startTest()[pri:0, instance:com.runner.AboutPageTest@4ba302e0]" started-at="2022-05-18T13:17:26 IST" name="startTest" finished-at="2022-05-18T13:17:26 IST" duration-ms="10" status="PASS">
          <reporter-output>
          </reporter-output>
        </test-method> <!-- startTest -->
        <test-method signature="basePageNavigation()[pri:0, instance:com.runner.AboutPageTest@4ba302e0]" started-at="2022-05-18T13:17:26 IST" name="basePageNavigation" finished-at="2022-05-18T13:17:30 IST" duration-ms="4026" status="PASS">
          <reporter-output>
          </reporter-output>
        </test-method> <!-- basePageNavigation -->
        <test-method is-config="true" signature="teardown()[pri:0, instance:com.runner.AboutPageTest@4ba302e0]" started-at="2022-05-18T13:17:30 IST" name="teardown" finished-at="2022-05-18T13:17:32 IST" duration-ms="2081" status="PASS">
          <reporter-output>
          </reporter-output>
        </test-method> <!-- teardown -->
      </class> <!-- com.runner.AboutPageTest -->
    </test> <!-- about page test -->
    <test started-at="2022-05-18T13:17:32 IST" name="whishlist page test" finished-at="2022-05-18T13:17:39 IST" duration-ms="6460">
      <class name="com.runner.WishlistTest">
        <test-method is-config="true" signature="startTest()[pri:0, instance:com.runner.WishlistTest@18cebaa5]" started-at="2022-05-18T13:17:32 IST" name="startTest" finished-at="2022-05-18T13:17:32 IST" duration-ms="5" status="PASS">
          <reporter-output>
          </reporter-output>
        </test-method> <!-- startTest -->
        <test-method signature="basePageNavigation()[pri:0, instance:com.runner.WishlistTest@18cebaa5]" started-at="2022-05-18T13:17:32 IST" name="basePageNavigation" finished-at="2022-05-18T13:17:37 IST" duration-ms="4313" status="PASS">
          <reporter-output>
          </reporter-output>
        </test-method> <!-- basePageNavigation -->
        <test-method is-config="true" signature="teardown()[pri:0, instance:com.runner.WishlistTest@18cebaa5]" started-at="2022-05-18T13:17:37 IST" name="teardown" finished-at="2022-05-18T13:17:39 IST" duration-ms="2135" status="PASS">
          <reporter-output>
          </reporter-output>
        </test-method> <!-- teardown -->
      </class> <!-- com.runner.WishlistTest -->
    </test> <!-- whishlist page test -->
    <test started-at="2022-05-18T13:17:39 IST" name="index page test" finished-at="2022-05-18T13:17:44 IST" duration-ms="5135">
      <class name="com.runner.indexPageTest">
        <test-method is-config="true" signature="beforsuite()[pri:0, instance:com.runner.indexPageTest@1d0d6318]" started-at="2022-05-18T13:16:51 IST" name="beforsuite" finished-at="2022-05-18T13:16:51 IST" duration-ms="197" status="PASS">
          <reporter-output>
          </reporter-output>
        </test-method> <!-- beforsuite -->
        <test-method is-config="true" signature="startTest()[pri:0, instance:com.runner.indexPageTest@1d0d6318]" started-at="2022-05-18T13:17:39 IST" name="startTest" finished-at="2022-05-18T13:17:39 IST" duration-ms="7" status="PASS">
          <reporter-output>
          </reporter-output>
        </test-method> <!-- startTest -->
        <test-method signature="basePageNavigation()[pri:0, instance:com.runner.indexPageTest@1d0d6318]" started-at="2022-05-18T13:17:39 IST" name="basePageNavigation" finished-at="2022-05-18T13:17:42 IST" duration-ms="2994" status="PASS">
          <reporter-output>
          </reporter-output>
        </test-method> <!-- basePageNavigation -->
        <test-method is-config="true" signature="teardown()[pri:0, instance:com.runner.indexPageTest@1d0d6318]" started-at="2022-05-18T13:17:42 IST" name="teardown" finished-at="2022-05-18T13:17:44 IST" duration-ms="2127" status="PASS">
          <reporter-output>
          </reporter-output>
        </test-method> <!-- teardown -->
        <test-method is-config="true" signature="afterSuite()[pri:0, instance:com.runner.indexPageTest@1d0d6318]" started-at="2022-05-18T13:17:44 IST" name="afterSuite" finished-at="2022-05-18T13:17:44 IST" duration-ms="469" status="PASS">
          <reporter-output>
          </reporter-output>
        </test-method> <!-- afterSuite -->
      </class> <!-- com.runner.indexPageTest -->
    </test> <!-- index page test -->
  </suite> <!-- Suite -->
</testng-results>
