<?xml version="1.0" encoding="UTF-8"?>
<!-- Generated by org.testng.reporters.JUnitXMLReporter -->
<testsuite ignored="14" hostname="mindc1d457" failures="16" tests="16" name="Test" time="0.278" errors="0" timestamp="2022-05-19T14:19:59 IST">
  <testcase classname="com.runner.AboutPageTest" name="@AfterTest teardown" time="0.0">
    <failure type="java.lang.NullPointerException" message="Cannot invoke &amp;quot;org.openqa.selenium.WebDriver.close()&amp;quot; because &amp;quot;com.runner.AboutPageTest.driver&amp;quot; is null">
      <![CDATA[java.lang.NullPointerException: Cannot invoke "org.openqa.selenium.WebDriver.close()" because "com.runner.AboutPageTest.driver" is null
at com.runner.AboutPageTest.teardown(AboutPageTest.java:40)
... Removed 24 stack frames]]>
    </failure>
  </testcase> <!-- @AfterTest teardown -->
  <testcase classname="com.runner.CartcheckTest" name="@AfterTest teardown" time="-1.652950199195E9">
    <skipped/>
  </testcase> <!-- @AfterTest teardown -->
  <testcase classname="com.runner.HomePage" name="@AfterTest teardown" time="-1.652950199196E9">
    <skipped/>
  </testcase> <!-- @AfterTest teardown -->
  <testcase classname="com.runner.LoginPageTest" name="@AfterTest teardown" time="-1.652950199198E9">
    <skipped/>
  </testcase> <!-- @AfterTest teardown -->
  <testcase classname="com.runner.OrderPageTest" name="@AfterTest teardown" time="-1.652950199199E9">
    <skipped/>
  </testcase> <!-- @AfterTest teardown -->
  <testcase classname="com.runner.SearchPageTest" name="@AfterTest teardown" time="-1.652950199205E9">
    <skipped/>
  </testcase> <!-- @AfterTest teardown -->
  <testcase classname="com.runner.WishlistTest" name="@AfterTest teardown" time="-1.652950199207E9">
    <skipped/>
  </testcase> <!-- @AfterTest teardown -->
  <testcase classname="com.runner.indexPageTest" name="@AfterTest teardown" time="-1.652950199223E9">
    <skipped/>
  </testcase> <!-- @AfterTest teardown -->
  <testcase classname="com.runner.LoginPageTest" name="basePageNavigation" time="0.006">
    <failure type="java.io.FileNotFoundException" message="C:\Users\mindsdet153\eclipse-workspace\hybrideFrameworkProject\src\main\java\com\resource\data.properties (The system cannot find the path specified)">
      <![CDATA[java.io.FileNotFoundException: C:\Users\mindsdet153\eclipse-workspace\hybrideFrameworkProject\src\main\java\com\resource\data.properties (The system cannot find the path specified)
at java.base/java.io.FileInputStream.open0(Native Method)
at java.base/java.io.FileInputStream.open(FileInputStream.java:216)
at java.base/java.io.FileInputStream.<init>(FileInputStream.java:157)
at java.base/java.io.FileInputStream.<init>(FileInputStream.java:111)
at com.resource.Base.initializeDriver(Base.java:49)
at com.runner.LoginPageTest.basePageNavigation(LoginPageTest.java:19)
at java.base/java.util.concurrent.ThreadPoolExecutor.runWorker(ThreadPoolExecutor.java:1136)
at java.base/java.util.concurrent.ThreadPoolExecutor$Worker.run(ThreadPoolExecutor.java:635)
at java.base/java.lang.Thread.run(Thread.java:833)
... Removed 12 stack frames]]>
    </failure>
  </testcase> <!-- basePageNavigation -->
  <testcase classname="com.runner.CartcheckTest" name="basePageNavigation" time="0.003">
    <failure type="java.io.FileNotFoundException" message="C:\Users\mindsdet153\eclipse-workspace\hybrideFrameworkProject\src\main\java\com\resource\data.properties (The system cannot find the path specified)">
      <![CDATA[java.io.FileNotFoundException: C:\Users\mindsdet153\eclipse-workspace\hybrideFrameworkProject\src\main\java\com\resource\data.properties (The system cannot find the path specified)
at java.base/java.io.FileInputStream.open0(Native Method)
at java.base/java.io.FileInputStream.open(FileInputStream.java:216)
at java.base/java.io.FileInputStream.<init>(FileInputStream.java:157)
at java.base/java.io.FileInputStream.<init>(FileInputStream.java:111)
at com.resource.Base.initializeDriver(Base.java:49)
at com.runner.CartcheckTest.basePageNavigation(CartcheckTest.java:19)
at java.base/java.util.concurrent.ThreadPoolExecutor.runWorker(ThreadPoolExecutor.java:1136)
at java.base/java.util.concurrent.ThreadPoolExecutor$Worker.run(ThreadPoolExecutor.java:635)
at java.base/java.lang.Thread.run(Thread.java:833)
... Removed 12 stack frames]]>
    </failure>
  </testcase> <!-- basePageNavigation -->
  <testcase classname="com.runner.LoginPageTest" name="basePageNavigation" time="0.031">
    <failure type="java.lang.NullPointerException" message="Cannot invoke &amp;quot;org.openqa.selenium.TakesScreenshot.getScreenshotAs(org.openqa.selenium.OutputType)&amp;quot; because &amp;quot;com.resource.Base.driver&amp;quot; is null">
      <![CDATA[java.lang.NullPointerException: Cannot invoke "org.openqa.selenium.TakesScreenshot.getScreenshotAs(org.openqa.selenium.OutputType)" because "com.resource.Base.driver" is null
at com.resource.Base.getScreenshot(Base.java:84)
at com.resource.Listeners.onTestFailure(Listeners.java:30)
at java.base/java.util.concurrent.ThreadPoolExecutor.runWorker(ThreadPoolExecutor.java:1136)
at java.base/java.util.concurrent.ThreadPoolExecutor$Worker.run(ThreadPoolExecutor.java:635)
at java.base/java.lang.Thread.run(Thread.java:833)
... Removed 9 stack frames]]>
    </failure>
  </testcase> <!-- basePageNavigation -->
  <testcase classname="com.runner.CartcheckTest" name="basePageNavigation" time="0.006">
    <failure type="java.lang.NullPointerException" message="Cannot invoke &amp;quot;org.openqa.selenium.TakesScreenshot.getScreenshotAs(org.openqa.selenium.OutputType)&amp;quot; because &amp;quot;com.resource.Base.driver&amp;quot; is null">
      <![CDATA[java.lang.NullPointerException: Cannot invoke "org.openqa.selenium.TakesScreenshot.getScreenshotAs(org.openqa.selenium.OutputType)" because "com.resource.Base.driver" is null
at com.resource.Base.getScreenshot(Base.java:84)
at com.resource.Listeners.onTestFailure(Listeners.java:30)
at java.base/java.util.concurrent.ThreadPoolExecutor.runWorker(ThreadPoolExecutor.java:1136)
at java.base/java.util.concurrent.ThreadPoolExecutor$Worker.run(ThreadPoolExecutor.java:635)
at java.base/java.lang.Thread.run(Thread.java:833)
... Removed 9 stack frames]]>
    </failure>
  </testcase> <!-- basePageNavigation -->
  <testcase classname="com.runner.SearchPageTest" name="basePageNavigation" time="0.001">
    <failure type="java.io.FileNotFoundException" message="C:\Users\mindsdet153\eclipse-workspace\hybrideFrameworkProject\src\main\java\com\resource\data.properties (The system cannot find the path specified)">
      <![CDATA[java.io.FileNotFoundException: C:\Users\mindsdet153\eclipse-workspace\hybrideFrameworkProject\src\main\java\com\resource\data.properties (The system cannot find the path specified)
at java.base/java.io.FileInputStream.open0(Native Method)
at java.base/java.io.FileInputStream.open(FileInputStream.java:216)
at java.base/java.io.FileInputStream.<init>(FileInputStream.java:157)
at java.base/java.io.FileInputStream.<init>(FileInputStream.java:111)
at com.resource.Base.initializeDriver(Base.java:49)
at com.runner.SearchPageTest.basePageNavigation(SearchPageTest.java:19)
at java.base/java.util.concurrent.ThreadPoolExecutor.runWorker(ThreadPoolExecutor.java:1136)
at java.base/java.util.concurrent.ThreadPoolExecutor$Worker.run(ThreadPoolExecutor.java:635)
at java.base/java.lang.Thread.run(Thread.java:833)
... Removed 12 stack frames]]>
    </failure>
  </testcase> <!-- basePageNavigation -->
  <testcase classname="com.runner.SearchPageTest" name="basePageNavigation" time="0.002">
    <failure type="java.lang.NullPointerException" message="Cannot invoke &amp;quot;org.openqa.selenium.TakesScreenshot.getScreenshotAs(org.openqa.selenium.OutputType)&amp;quot; because &amp;quot;com.resource.Base.driver&amp;quot; is null">
      <![CDATA[java.lang.NullPointerException: Cannot invoke "org.openqa.selenium.TakesScreenshot.getScreenshotAs(org.openqa.selenium.OutputType)" because "com.resource.Base.driver" is null
at com.resource.Base.getScreenshot(Base.java:84)
at com.resource.Listeners.onTestFailure(Listeners.java:30)
at java.base/java.util.concurrent.ThreadPoolExecutor.runWorker(ThreadPoolExecutor.java:1136)
at java.base/java.util.concurrent.ThreadPoolExecutor$Worker.run(ThreadPoolExecutor.java:635)
at java.base/java.lang.Thread.run(Thread.java:833)
... Removed 9 stack frames]]>
    </failure>
  </testcase> <!-- basePageNavigation -->
  <testcase classname="com.runner.OrderPageTest" name="basePageNavigation" time="0.001">
    <failure type="java.io.FileNotFoundException" message="C:\Users\mindsdet153\eclipse-workspace\hybrideFrameworkProject\src\main\java\com\resource\data.properties (The system cannot find the path specified)">
      <![CDATA[java.io.FileNotFoundException: C:\Users\mindsdet153\eclipse-workspace\hybrideFrameworkProject\src\main\java\com\resource\data.properties (The system cannot find the path specified)
at java.base/java.io.FileInputStream.open0(Native Method)
at java.base/java.io.FileInputStream.open(FileInputStream.java:216)
at java.base/java.io.FileInputStream.<init>(FileInputStream.java:157)
at java.base/java.io.FileInputStream.<init>(FileInputStream.java:111)
at com.resource.Base.initializeDriver(Base.java:49)
at com.runner.OrderPageTest.basePageNavigation(OrderPageTest.java:22)
at java.base/java.util.concurrent.ThreadPoolExecutor.runWorker(ThreadPoolExecutor.java:1136)
at java.base/java.util.concurrent.ThreadPoolExecutor$Worker.run(ThreadPoolExecutor.java:635)
at java.base/java.lang.Thread.run(Thread.java:833)
... Removed 12 stack frames]]>
    </failure>
  </testcase> <!-- basePageNavigation -->
  <testcase classname="com.runner.OrderPageTest" name="basePageNavigation" time="0.004">
    <failure type="java.lang.NullPointerException" message="Cannot invoke &amp;quot;org.openqa.selenium.TakesScreenshot.getScreenshotAs(org.openqa.selenium.OutputType)&amp;quot; because &amp;quot;com.resource.Base.driver&amp;quot; is null">
      <![CDATA[java.lang.NullPointerException: Cannot invoke "org.openqa.selenium.TakesScreenshot.getScreenshotAs(org.openqa.selenium.OutputType)" because "com.resource.Base.driver" is null
at com.resource.Base.getScreenshot(Base.java:84)
at com.resource.Listeners.onTestFailure(Listeners.java:30)
at java.base/java.util.concurrent.ThreadPoolExecutor.runWorker(ThreadPoolExecutor.java:1136)
at java.base/java.util.concurrent.ThreadPoolExecutor$Worker.run(ThreadPoolExecutor.java:635)
at java.base/java.lang.Thread.run(Thread.java:833)
... Removed 9 stack frames]]>
    </failure>
  </testcase> <!-- basePageNavigation -->
  <testcase classname="com.runner.HomePage" name="initialize" time="0.002">
    <failure type="java.io.FileNotFoundException" message="C:\Users\mindsdet153\eclipse-workspace\hybrideFrameworkProject\src\main\java\com\resource\data.properties (The system cannot find the path specified)">
      <![CDATA[java.io.FileNotFoundException: C:\Users\mindsdet153\eclipse-workspace\hybrideFrameworkProject\src\main\java\com\resource\data.properties (The system cannot find the path specified)
at java.base/java.io.FileInputStream.open0(Native Method)
at java.base/java.io.FileInputStream.open(FileInputStream.java:216)
at java.base/java.io.FileInputStream.<init>(FileInputStream.java:157)
at java.base/java.io.FileInputStream.<init>(FileInputStream.java:111)
at com.resource.Base.initializeDriver(Base.java:49)
at com.runner.HomePage.initialize(HomePage.java:21)
at java.base/java.util.concurrent.ThreadPoolExecutor.runWorker(ThreadPoolExecutor.java:1136)
at java.base/java.util.concurrent.ThreadPoolExecutor$Worker.run(ThreadPoolExecutor.java:635)
at java.base/java.lang.Thread.run(Thread.java:833)
... Removed 12 stack frames]]>
    </failure>
  </testcase> <!-- initialize -->
  <testcase classname="com.runner.HomePage" name="initialize" time="0.004">
    <failure type="java.lang.NullPointerException" message="Cannot invoke &amp;quot;org.openqa.selenium.TakesScreenshot.getScreenshotAs(org.openqa.selenium.OutputType)&amp;quot; because &amp;quot;com.resource.Base.driver&amp;quot; is null">
      <![CDATA[java.lang.NullPointerException: Cannot invoke "org.openqa.selenium.TakesScreenshot.getScreenshotAs(org.openqa.selenium.OutputType)" because "com.resource.Base.driver" is null
at com.resource.Base.getScreenshot(Base.java:84)
at com.resource.Listeners.onTestFailure(Listeners.java:30)
at java.base/java.util.concurrent.ThreadPoolExecutor.runWorker(ThreadPoolExecutor.java:1136)
at java.base/java.util.concurrent.ThreadPoolExecutor$Worker.run(ThreadPoolExecutor.java:635)
at java.base/java.lang.Thread.run(Thread.java:833)
... Removed 9 stack frames]]>
    </failure>
  </testcase> <!-- initialize -->
  <testcase classname="com.runner.AboutPageTest" name="basePageNavigation" time="0.041">
    <failure type="java.io.FileNotFoundException" message="C:\Users\mindsdet153\eclipse-workspace\hybrideFrameworkProject\src\main\java\com\resource\data.properties (The system cannot find the path specified)">
      <![CDATA[java.io.FileNotFoundException: C:\Users\mindsdet153\eclipse-workspace\hybrideFrameworkProject\src\main\java\com\resource\data.properties (The system cannot find the path specified)
at java.base/java.io.FileInputStream.open0(Native Method)
at java.base/java.io.FileInputStream.open(FileInputStream.java:216)
at java.base/java.io.FileInputStream.<init>(FileInputStream.java:157)
at java.base/java.io.FileInputStream.<init>(FileInputStream.java:111)
at com.resource.Base.initializeDriver(Base.java:49)
at com.runner.AboutPageTest.basePageNavigation(AboutPageTest.java:23)
at java.base/java.util.concurrent.ThreadPoolExecutor.runWorker(ThreadPoolExecutor.java:1136)
at java.base/java.util.concurrent.ThreadPoolExecutor$Worker.run(ThreadPoolExecutor.java:635)
at java.base/java.lang.Thread.run(Thread.java:833)
... Removed 12 stack frames]]>
    </failure>
  </testcase> <!-- basePageNavigation -->
  <testcase classname="com.runner.AboutPageTest" name="basePageNavigation" time="0.045">
    <failure type="java.lang.NullPointerException" message="Cannot invoke &amp;quot;org.openqa.selenium.TakesScreenshot.getScreenshotAs(org.openqa.selenium.OutputType)&amp;quot; because &amp;quot;com.resource.Base.driver&amp;quot; is null">
      <![CDATA[java.lang.NullPointerException: Cannot invoke "org.openqa.selenium.TakesScreenshot.getScreenshotAs(org.openqa.selenium.OutputType)" because "com.resource.Base.driver" is null
at com.resource.Base.getScreenshot(Base.java:84)
at com.resource.Listeners.onTestFailure(Listeners.java:30)
at java.base/java.util.concurrent.ThreadPoolExecutor.runWorker(ThreadPoolExecutor.java:1136)
at java.base/java.util.concurrent.ThreadPoolExecutor$Worker.run(ThreadPoolExecutor.java:635)
at java.base/java.lang.Thread.run(Thread.java:833)
... Removed 9 stack frames]]>
    </failure>
  </testcase> <!-- basePageNavigation -->
  <testcase classname="com.runner.WishlistTest" name="basePageNavigation" time="0.002">
    <failure type="java.io.FileNotFoundException" message="C:\Users\mindsdet153\eclipse-workspace\hybrideFrameworkProject\src\main\java\com\resource\data.properties (The system cannot find the path specified)">
      <![CDATA[java.io.FileNotFoundException: C:\Users\mindsdet153\eclipse-workspace\hybrideFrameworkProject\src\main\java\com\resource\data.properties (The system cannot find the path specified)
at java.base/java.io.FileInputStream.open0(Native Method)
at java.base/java.io.FileInputStream.open(FileInputStream.java:216)
at java.base/java.io.FileInputStream.<init>(FileInputStream.java:157)
at java.base/java.io.FileInputStream.<init>(FileInputStream.java:111)
at com.resource.Base.initializeDriver(Base.java:49)
at com.runner.WishlistTest.basePageNavigation(WishlistTest.java:19)
at java.base/java.util.concurrent.ThreadPoolExecutor.runWorker(ThreadPoolExecutor.java:1136)
at java.base/java.util.concurrent.ThreadPoolExecutor$Worker.run(ThreadPoolExecutor.java:635)
at java.base/java.lang.Thread.run(Thread.java:833)
... Removed 12 stack frames]]>
    </failure>
  </testcase> <!-- basePageNavigation -->
  <testcase classname="com.runner.WishlistTest" name="basePageNavigation" time="0.003">
    <failure type="java.lang.NullPointerException" message="Cannot invoke &amp;quot;org.openqa.selenium.TakesScreenshot.getScreenshotAs(org.openqa.selenium.OutputType)&amp;quot; because &amp;quot;com.resource.Base.driver&amp;quot; is null">
      <![CDATA[java.lang.NullPointerException: Cannot invoke "org.openqa.selenium.TakesScreenshot.getScreenshotAs(org.openqa.selenium.OutputType)" because "com.resource.Base.driver" is null
at com.resource.Base.getScreenshot(Base.java:84)
at com.resource.Listeners.onTestFailure(Listeners.java:30)
at java.base/java.util.concurrent.ThreadPoolExecutor.runWorker(ThreadPoolExecutor.java:1136)
at java.base/java.util.concurrent.ThreadPoolExecutor$Worker.run(ThreadPoolExecutor.java:635)
at java.base/java.lang.Thread.run(Thread.java:833)
... Removed 9 stack frames]]>
    </failure>
  </testcase> <!-- basePageNavigation -->
  <testcase classname="com.runner.indexPageTest" name="basePageNavigation" time="0.002">
    <failure type="java.io.FileNotFoundException" message="C:\Users\mindsdet153\eclipse-workspace\hybrideFrameworkProject\src\main\java\com\resource\data.properties (The system cannot find the path specified)">
      <![CDATA[java.io.FileNotFoundException: C:\Users\mindsdet153\eclipse-workspace\hybrideFrameworkProject\src\main\java\com\resource\data.properties (The system cannot find the path specified)
at java.base/java.io.FileInputStream.open0(Native Method)
at java.base/java.io.FileInputStream.open(FileInputStream.java:216)
at java.base/java.io.FileInputStream.<init>(FileInputStream.java:157)
at java.base/java.io.FileInputStream.<init>(FileInputStream.java:111)
at com.resource.Base.initializeDriver(Base.java:49)
at com.runner.indexPageTest.basePageNavigation(indexPageTest.java:22)
at java.base/java.util.concurrent.ThreadPoolExecutor.runWorker(ThreadPoolExecutor.java:1136)
at java.base/java.util.concurrent.ThreadPoolExecutor$Worker.run(ThreadPoolExecutor.java:635)
at java.base/java.lang.Thread.run(Thread.java:833)
... Removed 12 stack frames]]>
    </failure>
  </testcase> <!-- basePageNavigation -->
  <testcase classname="com.runner.indexPageTest" name="basePageNavigation" time="0.004">
    <failure type="java.lang.NullPointerException" message="Cannot invoke &amp;quot;org.openqa.selenium.TakesScreenshot.getScreenshotAs(org.openqa.selenium.OutputType)&amp;quot; because &amp;quot;com.resource.Base.driver&amp;quot; is null">
      <![CDATA[java.lang.NullPointerException: Cannot invoke "org.openqa.selenium.TakesScreenshot.getScreenshotAs(org.openqa.selenium.OutputType)" because "com.resource.Base.driver" is null
at com.resource.Base.getScreenshot(Base.java:84)
at com.resource.Listeners.onTestFailure(Listeners.java:30)
at java.base/java.util.concurrent.ThreadPoolExecutor.runWorker(ThreadPoolExecutor.java:1136)
at java.base/java.util.concurrent.ThreadPoolExecutor$Worker.run(ThreadPoolExecutor.java:635)
at java.base/java.lang.Thread.run(Thread.java:833)
... Removed 9 stack frames]]>
    </failure>
  </testcase> <!-- basePageNavigation -->
  <testcase classname="com.resource.Base" name="@AfterSuite afterSuite" time="0.0">
    <ignored/>
  </testcase> <!-- @AfterSuite afterSuite -->
  <testcase classname="com.resource.Base" name="@AfterSuite afterSuite" time="0.0">
    <ignored/>
  </testcase> <!-- @AfterSuite afterSuite -->
  <testcase classname="com.resource.Base" name="@AfterSuite afterSuite" time="0.0">
    <ignored/>
  </testcase> <!-- @AfterSuite afterSuite -->
  <testcase classname="com.resource.Base" name="@AfterSuite afterSuite" time="0.0">
    <ignored/>
  </testcase> <!-- @AfterSuite afterSuite -->
  <testcase classname="com.resource.Base" name="@AfterSuite afterSuite" time="0.0">
    <ignored/>
  </testcase> <!-- @AfterSuite afterSuite -->
  <testcase classname="com.resource.Base" name="@AfterSuite afterSuite" time="0.0">
    <ignored/>
  </testcase> <!-- @AfterSuite afterSuite -->
  <testcase classname="com.resource.Base" name="@AfterSuite afterSuite" time="0.0">
    <ignored/>
  </testcase> <!-- @AfterSuite afterSuite -->
  <testcase classname="com.resource.Base" name="@BeforeSuite beforsuite" time="0.0">
    <ignored/>
  </testcase> <!-- @BeforeSuite beforsuite -->
  <testcase classname="com.resource.Base" name="@BeforeSuite beforsuite" time="0.0">
    <ignored/>
  </testcase> <!-- @BeforeSuite beforsuite -->
  <testcase classname="com.resource.Base" name="@BeforeSuite beforsuite" time="0.0">
    <ignored/>
  </testcase> <!-- @BeforeSuite beforsuite -->
  <testcase classname="com.resource.Base" name="@BeforeSuite beforsuite" time="0.0">
    <ignored/>
  </testcase> <!-- @BeforeSuite beforsuite -->
  <testcase classname="com.resource.Base" name="@BeforeSuite beforsuite" time="0.0">
    <ignored/>
  </testcase> <!-- @BeforeSuite beforsuite -->
  <testcase classname="com.resource.Base" name="@BeforeSuite beforsuite" time="0.0">
    <ignored/>
  </testcase> <!-- @BeforeSuite beforsuite -->
  <testcase classname="com.resource.Base" name="@BeforeSuite beforsuite" time="0.0">
    <ignored/>
  </testcase> <!-- @BeforeSuite beforsuite -->
</testsuite> <!-- Test -->
